#
# A fatal error has been detected by the Java Runtime Environment:
#
#  EXCEPTION_ACCESS_VIOLATION (0xc0000005) at pc=0x00000000650a81b0, pid=3980, tid=0x0000000000002b38
#
# JRE version: Java(TM) SE Runtime Environment (8.0_151-b12) (build 1.8.0_151-b12)
# Java VM: Java HotSpot(TM) 64-Bit Server VM (25.151-b12 mixed mode windows-amd64 compressed oops)
# Problematic frame:
# V  [jvm.dll+0x1181b0]
#
# Failed to write core dump. Minidumps are not enabled by default on client versions of Windows
#
# If you would like to submit a bug report, please visit:
#   http://bugreport.java.com/bugreport/crash.jsp
#

---------------  T H R E A D  ---------------

Current thread (0x0000000005148800):  GCTaskThread [stack: 0x0000000015440000,0x0000000015540000] [id=11064]

siginfo: ExceptionCode=0xc0000005, writing address 0x00000000655934bc

Registers:
RAX=0x0000000065593498, RBX=0x000000001553f858, RCX=0x00000007c0001ef8, RDX=0x00000000052234f0
RSP=0x000000001553f7a8, RBP=0x00000000002e0000, RSI=0x00000000002dc760, RDI=0x0000000000000011
R8 =0x00000006c1a00470, R9 =0x00000007c0001ef8, R10=0xee67900300000000, R11=0x00000006c1a00470
R12=0x00000000657ad850, R13=0x000000000000002d, R14=0x00000006c3100000, R15=0x000000001553f858
RIP=0x00000000650a81b0, EFLAGS=0x0000000000010207

Top of Stack: (sp=0x000000001553f7a8)
0x000000001553f7a8:   000000006538eb39 000000001553f858
0x000000001553f7b8:   00000000002e0000 00000000002dc74f
0x000000001553f7c8:   0000000000000007 00000000002e0000
0x000000001553f7d8:   000000006538443d 00000000002dc750
0x000000001553f7e8:   00007ffb00000001 0000000000000000
0x000000001553f7f8:   000000006538e8c1 00000006c8271610
0x000000001553f808:   00000006c3100000 000000000000002d
0x000000001553f818:   0000000000000000 0000000004db0000
0x000000001553f828:   000000006538fe34 0000000000000000
0x000000001553f838:   000000001553f898 0000000000000000
0x000000001553f848:   00000000651ad1e2 0000000004db0000
0x000000001553f858:   00000000655e56a8 00000000657ad850
0x000000001553f868:   00000000052234f0 000000000000a12d
0x000000001553f878:   00000006c30e3a80 0000000005142560
0x000000001553f888:   00000006c1a00470 00000000051311d0
0x000000001553f898:   0000000005149160 0000000005149150 

Instructions: (pc=0x00000000650a81b0)
0x00000000650a8190:   8b 74 24 60 48 8b 7c 2c 68 08 83 c4 30 c1 5e 41
0x00000000650a81a0:   5d 41 5c 48 ff a0 e8 00 08 04 cc cc cc cc cc cc
0x00000000650a81b0:   4a 89 58 24 08 48 89 6c 24 10 48 89 74 24 18 57
0x00000000650a81c0:   48 83 ec 20 48 8b 29 48 8b da 49 8b d0 49 8b f0 


Register to memory mapping:

RAX=0x0000000065593498 is an unknown value
RBX=0x000000001553f858 is an unknown value
RCX=0x00000007c0001ef8 is pointing into metadata
RDX=0x00000000052234f0 is an unknown value
RSP=0x000000001553f7a8 is an unknown value
RBP=0x00000000002e0000 is an unknown value
RSI=0x00000000002dc760 is an unknown value
RDI=0x0000000000000011 is an unknown value
R8 =0x00000006c1a00470 is an oop
java.lang.Class 
 - klass: 'java/lang/Class'
R9 =0x00000007c0001ef8 is pointing into metadata
R10=0xee67900300000000 is an unknown value
R11=0x00000006c1a00470 is an oop
java.lang.Class 
 - klass: 'java/lang/Class'
R12=0x00000000657ad850 is an unknown value
R13=0x000000000000002d is an unknown value
R14=