#
# A fatal error has been detected by the Java Runtime Environment:
#
#  EXCEPTION_ACCESS_VIOLATION (0xc0000005) at pc=0x00000000650a81b0, pid=5740, tid=0x00000000000024bc
#
# JRE version: Java(TM) SE Runtime Environment (8.0_151-b12) (build 1.8.0_151-b12)
# Java VM: Java HotSpot(TM) 64-Bit Server VM (25.151-b12 mixed mode windows-amd64 compressed oops)
# Problematic frame:
# V  [jvm.dll+0x1181b0]
#
# Failed to write core dump. Minidumps are not enabled by default on client versions of Windows
#
# If you would like to submit a bug report, please visit:
#   http://bugreport.java.com/bugreport/crash.jsp
#

---------------  T H R E A D  ---------------

Current thread (0x00000000050f7000):  GCTaskThread [stack: 0x00000000152f0000,0x00000000153f0000] [id=9404]

siginfo: ExceptionCode=0xc0000005, writing address 0x00000000655934bc

Registers:
RAX=0x0000000065593498, RBX=0x0000000000000009, RCX=0x00000007c0001ef8, RDX=0x00000000051d2140
RSP=0x00000000153ef638, RBP=0x00000000657ad850, RSI=0x0000000000010000, RDI=0x000000000000001b
R8 =0x00000006c1a00048, R9 =0x00000007c0001ef8, R10=0x00000000051d2140, R11=0x0000000000010000
R12=0x0000000000010000, R13=0x0000000000010000, R14=0x00000000153ef750, R15=0x00000000153ef720
RIP=0x00000000650a81b0, EFLAGS=0x0000000000010207

Top of Stack: (sp=0x00000000153ef638)
0x00000000153ef638:   000000006538d821 0000000000000006
0x00000000153ef648:   00000000657ad850 0000000000010000
0x00000000153ef658:   0000000000000000 0000000000000088
0x00000000153ef668:   000000006538eb79 00000000000002a8
0x00000000153ef678:   000000001da20000 00000006ca300000
0x00000000153ef688:   00000000153ef6d8 0000000000000009
0x00000000153ef698:   00000000653845b0 00000000657ad850
0x00000000153ef6a8:   00000000051d2140 0000000000000000
0x00000000153ef6b8:   00000006ca2ad1a0 0000000000000000
0x00000000153ef6c8:   0000000000000000 00000006c1a00000
0x00000000153ef6d8:   0000000000000001 000000001da20000
0x00000000153ef6e8:   000000006538e71b 00000000050f7000
0x00000000153ef6f8:   0000000000000000 00000000153ef720
0x00000000153ef708:   0000000000010000 0000000000010000
0x00000000153ef718:   0000000000010000 00000000655e56b8
0x00000000153ef728:   00000000657ad850 00000000051d2140 

Instructions: (pc=0x00000000650a81b0)
0x00000000650a8190:   8b 74 24 60 48 8b 7c 2c 68 08 83 c4 30 c1 5e 41
0x00000000650a81a0:   5d 41 5c 48 ff a0 e8 00 08 04 cc cc cc cc cc cc
0x00000000650a81b0:   4a 89 58 24 08 48 89 6c 24 10 48 89 74 24 18 57
0x00000000650a81c0:   48 83 ec 20 48 8b 29 48 8b da 49 8b d0 49 8b f0 


Register to memory mapping:

RAX=0x0000000065593498 is an unknown value
RBX=0x0000000000000009 is an unknown value
RCX=0x00000007c0001ef8 is pointing into metadata
RDX=0x00000000051d2140 is an unknown value
RSP=0x00000000153ef638 is an unknown value
RBP=0x00000000657ad850 is an unknown value
RSI=0x0000000000010000 is an unknown value
RDI=0x000000000000001b is an unknown value
R8 =0x00000006c1a00048 is an oop
java.lang.Class 
 - klass: 'java/lang/Class'
R9 =0x00000007c0001ef8 is pointing into metadata
R10=0x00000000051d2140 is an unknown value
R11=0x0000000000010000 is an unknown value
R12=0x0000000000010000 is an unknown value
R13=0x0000000000010000 is an unknown value
R14=0x00000000153ef750 is an unknown value
R15=0x00000000153ef720 is an unknown value


Stack: [0x00000000152f0000,0x00000000153f0000],  sp=0x00000000153ef638,  free space=1021k
Native frames: (J=compiled Java code, j=interpreted, Vv=VM code, C=native code)
V  [jvm.dll+0x1181b0]
V  [jvm.dll+0x3fd821]
V  [jvm.dll+0x3feb79]
V  [jvm.dll+0x3f45b0]
V  [jvm.dll+0x3fe71b]
V  [jvm.dll+0x3f2a0e]
V  [jvm.dll+0x29c3ea]
C  [msvcr100.dll+0x21d9f]
C  [msvcr100.dll+0x21e3b]
C  [KERNEL32.DLL+0x11fe4]
C  [ntdll.dll+0x6efc1]


---------------  P R O C E S S  ---------------

Java Threads: ( => current thread )
  0x0000000020bef800 JavaThread "Service Thread" daemon [_thread_blocked, id=16856, stack(0x0000000021730000,0x0000000021830000)]
  0x0000000020b75800 JavaThread "C1 CompilerThread3" daemon [_thread_blocked, id=11840, stack(0x0000000021630000,0x0000000021730000)]
  0x0000000020b71800 JavaThread "C2 CompilerThread2" daemon [_thread_blocked, id=12244, stack(0x0000000021530000,0x0000000021630000)]
  0x0000000020b6c000 JavaThread "C2 CompilerThread1" daemon [_thread_blocked, id=13156, stack(0x0000000021430000,0x0000000021530000)]
  0x0000000020b68800 JavaThread "C2 CompilerThread0" daemon [_thread_blocked, id=9564, stack(0x0000000021330000,0x0000000021430000)]
  0x0000000020b67000 JavaThread "Attach Listener" daemon [_thread_blocked, id=9624, stack(0x0000000021230000,0x0000000021330000)]
  0x0000000020b66000 JavaThread "Signal Dispatcher" daemon [_thread_blocked, id=10036, stack(0x0000000021130000,0x0000000021230000)]
  0x00000000051d9000 JavaThread "Finalizer" daemon [_thread_blocked, id=2920, stack(0x0000000020f40000,0x0000000021040000)]
  0x00000000051d7800 JavaThread "Reference Handler" daemon [_thread_blocked, id=17156, stack(0x0000000020a40000,0x0000000020b40000)]
  0x0000000004fdd800 JavaThread "main" [_thread_blocked, id=7188, stack(0x0000000004fe0000,0x00000000050e0000)]

Other Threads:
  0x000000001ec58000 VMThread [stack: 0x0000000020940000,0x0000000020a40000] [id=17344]
  0x0000000020c34000 WatcherThread [stack: 0x0000000021830000,0x0000000021930000] [id=7496]

=>0x00000000050f7000 (exited) GCTaskThread [stack: 0x00000000152f0000,0x00000000153f0000] [id=9404]

VM state:at safepoint (normal execution)

VM Mutex/Monitor currently owned by a thread:  ([mutex/lock_event])
[0x0000000004fdc430] Threads_lock - owner thread: 0x000000001ec58000
[0x0000000004fdcd30] Heap_lock - owner thread: 0x0000000004fdd800

Heap:
 PSYoungGen      total 1242624K, used 46063K [0x000000076b380000, 0x00000007c0000000, 0x00000007c0000000)
  eden space 1196544K, 0% used [0x000000076b380000,0x000000076b380000,0x00000007b4400000)
  from space 46080K, 99% used [0x00000007bd300000,0x00000007bfffbf10,0x00000007c0000000)
  to   space 96256K, 0% used [0x00000007b4400000,0x00000007b4400000,0x00000007ba200000)
 ParOldGen       total 175104K, used 160740K [0x00000006c1a00000, 0x00000006cc500000, 0x000000076b380000)
  object space 175104K, 91% used [0x00000006c1a00000,0x00000006cb6f9060,0x00000006cc500000)
 Metaspace       used 3349K, capacity 4496K, committed 4864K, reserved 1056768K
  class space    used 384K, capacity 388K, committed 512K, reserved 1048576K

Card table byte_map: [0x00000000145a0000,0x0000000014da0000] byte_map_base: 0x0000000010f93000

Marking Bits: (ParMarkBitMap*) 0x00000000657ad850
 Begin Bits: [0x0000000015af0000, 0x0000000019a88000)
 End Bits:   [0x0000000019a88000, 0x000000001da20000)

Polling page: 0x0000000003780000

CodeCache: size=245760Kb used=1381Kb max_used=1392Kb free=244378Kb
 bounds [0x00000000051e0000, 0x0000000005450000, 0x00000000141e0000]
 total_blobs=410 nmethods=156 adapters=167
 compilation: enabled

Compilation events (10 events):
Event: 1.088 Thread 0x0000000020b75800  152       3       java.io.OutputStreamWriter::flushBuffer (8 bytes)
Event: 1.088 Thread 0x0000000020b75800 nmethod 152 0x0000000005338c10 code [0x0000000005338d80, 0x0000000005338f28]
Event: 1.341 Thread 0x0000000020b68800  153       4       java.lang.String::indexOf (70 bytes)
Event: 1.341 Thread 0x0000000020b75800  155       3       java.lang.StringBuilder::<init> (7 bytes)
Event: 1.341 Thread 0x0000000020b75800 nmethod 155 0x0000000005338fd0 code [0x0000000005339140, 0x00000000053393f0]
Event: 1.341 Thread 0x0000000020b75800  154       3       java.lang.String::toCharArray (25 bytes)
Event: 1.341 Thread 0x0000000020b75800 nmethod 154 0x0000000005339510 code [0x0000000005339680, 0x0000000005339908]
Event: 1.342 Thread 0x0000000020b68800 nmethod 153 0x000000000533c790 code [0x000000000533c8e0, 0x000000000533ca98]
Event: 6.261 Thread 0x0000000020b75800  156       1       sun.util.locale.BaseLocale::getRegion (5 bytes)
Event: 6.262 Thread 0x0000000020b75800 nmethod 156 0x000000000533c4d0 code [0x000000000533c620, 0x000000000533c730]

GC Heap History (10 events):
Event: 3.252 GC heap after
Heap after GC invocations=10 (full 0):
 PSYoungGen      total 834048K, used 15334K [0x000000076b380000, 0x00000007a2280000, 0x00000007c0000000)
  eden space 818688K, 0% used [0x000000076b380000,0x000000076b380000,0x000000079d300000)
  from space 15360K, 99% used [0x000000079f280000,0x00000007a0179b10,0x00000007a0180000)
  to   space 32256K, 0% used [0x000000079d300000,0x000000079d300000,0x000000079f280000)
 ParOldGen       total 175104K, used 45988K [0x00000006c1a00000, 0x00000006cc500000, 0x000000076b380000)
  object space 175104K, 26% used [0x00000006c1a00000,0x00000006c46e9060,0x00000006cc500000)
 Metaspace       used 3349K, capacity 4496K, committed 4864K, reserved 1056768K
  class space    used 384K, capacity 388K, committed 512K, reserved 1048576K
}
Event: 4.497 GC heap before
{Heap before GC invocations=11 (full 0):
 PSYoungGen      total 834048K, used 834022K [0x000000076b380000, 0x00000007a2280000, 0x00000007c0000000)
  eden space 818688K, 100% used [0x000000076b380000,0x000000079d300000,0x000000079d300000)
  from space 15360K, 99% used [0x000000079f280000,0x00000007a0179b10,0x00000007a0180000)
  to   space 32256K, 0% used [0x000000079d300000,0x000000079d300000,0x000000079f280000)
 ParOldGen       total 175104K, used 45988K [0x00000006c1a00000, 0x00000006cc500000, 0x000000076b380000)
  object space 175104K, 26% used [0x00000006c1a00000,0x00000006c46e9060,0x00000006cc500000)
 Metaspace       used 3349K, capacity 4496K, committed 4864K, reserved 1056768K
  class space    used 384K, capacity 388K, committed 512K, reserved 1048576K
Event: 4.557 GC heap after
Heap after GC invocations=11 (full 0):
 PSYoungGen      total 850944K, used 32233K [0x000000076b380000, 0x00000007c0000000, 0x00000007c0000000)
  eden space 818688K, 0% used [0x000000076b380000,0x000000076b380000,0x000000079d300000)
  from space 32256K, 99% used [0x000000079d300000,0x000000079f27a410,0x000000079f280000)
  to   space 46080K, 0% used [0x00000007bd300000,0x00000007bd300000,0x00000007c0000000)
 ParOldGen       total 175104K, used 67020K [0x00000006c1a00000, 0x00000006cc500000, 0x000000076b380000)
  object space 175104K, 38% used [0x00000006c1a00000,0x00000006c5b73060,0x00000006cc500000)
 Metaspace       used 3349K, capacity 4496K, committed 4864K, reserved 1056768K
  class space    used 384K, capacity 388K, committed 512K, reserved 1048576K
}
Event: 5.929 GC heap before
{Heap before GC invocations=12 (full 0):
 PSYoungGen      total 850944K, used 841215K [0x000000076b380000, 0x00000007c0000000, 0x00000007c0000000)
  eden space 818688K, 98% used [0x000000076b380000,0x000000079c985bc0,0x000000079d300000)
  from space 32256K, 99% used [0x000000079d300000,0x000000079f27a410,0x000000079f280000)
  to   space 46080K, 0% used [0x00000007bd300000,0x00000007bd300000,0x00000007c0000000)
 ParOldGen       total 175104K, used 67020K [0x00000006c1a00000, 0x00000006cc500000, 0x000000076b380000)
  object space 175104K, 38% used [0x00000006c1a00000,0x00000006c5b73060,0x00000006cc500000)
 Metaspace       used 3349K, capacity 4496K, committed 4864K, reserved 1056768K
  class space    used 384K, capacity 388K, committed 512K, reserved 1048576K
Event: 5.929 GC heap after
Heap after GC invocations=12 (full 0):
 PSYoungGen      total 1343488K, used 0K [0x000000076b380000, 0x00000007c0000000, 0x00000007c0000000)
  eden space 1297408K, 0% used [0x000000076b380000,0x000000076b380000,0x00000007ba680000)
  from space 46080K, 0% used [0x00000007bd300000,0x00000007bd300000,0x00000007c0000000)
  to   space 45568K, 0% used [0x00000007ba680000,0x00000007ba680000,0x00000007bd300000)
 ParOldGen       total 175104K, used 67020K [0x00000006c1a00000, 0x00000006cc500000, 0x000000076b380000)
  object space 175104K, 38% used [0x00000006c1a00000,0x00000006c5b73060,0x00000006cc500000)
 Metaspace       used 3349K, capacity 4496K, committed 4864K, reserved 1056768K
  class space    used 384K, capacity 388K, committed 512K, reserved 1048576K
}
Event: 7.749 GC heap before
{Heap before GC invocations=13 (full 0):
 PSYoungGen      total 1343488K, used 1297408K [0x000000076b380000, 0x00000007c0000000, 0x00000007c0000000)
  eden space 1297408K, 100% used [0x000000076b380000,0x00000007ba680000,0x00000007ba680000)
  from space 46080K, 0% used [0x00000007bd300000,0x00000007bd300000,0x00000007c0000000)
  to   space 45568K, 0% used [0x00000007ba680000,0x00000007ba680000,0x00000007bd300000)
 ParOldGen       total 175104K, used 67020K [0x00000006c1a00000, 0x00000006cc500000, 0x000000076b380000)
  object space 175104K, 38% used [0x00000006c1a00000,0x00000006c5b73060,0x00000006cc500000)
 Metaspace       used 3349K, capacity 4496K, committed 4864K, reserved 1056768K
  class space    used 384K, capacity 388K, committed 512K, reserved 1048576K
Event: 7.802 GC heap after
Heap after GC invocations=13 (full 0):
 PSYoungGen      total 1342976K, used 45549K [0x000000076b380000, 0x00000007c0000000, 0x00000007c0000000)
  eden space 1297408K, 0% used [0x000000076b380000,0x000000076b380000,0x00000007ba680000)
  from space 45568K, 99% used [0x00000007ba680000,0x00000007bd2fb610,0x00000007bd300000)
  to   space 46080K, 0% used [0x00000007bd300000,0x00000007bd300000,0x00000007c0000000)
 ParOldGen       total 175104K, used 70196K [0x00000006c1a00000, 0x00000006cc500000, 0x000000076b380000)
  object space 175104K, 40% used [0x00000006c1a00000,0x00000006c5e8d060,0x00000006cc500000)
 Metaspace       used 3349K, capacity 4496K, committed 4864K, reserved 1056768K
  class space    used 384K, capacity 388K, committed 512K, reserved 1048576K
}
Event: 9.612 GC heap before
{Heap before GC invocations=14 (full 0):
 PSYoungGen      total 1342976K, used 1342957K [0x000000076b380000, 0x00000007c0000000, 0x00000007c0000000)
  eden space 1297408K, 100% used [0x000000076b380000,0x00000007ba680000,0x00000007ba680000)
  from space 45568K, 99% used [0x00000007ba680000,0x00000007bd2fb610,0x00000007bd300000)
  to   space 46080K, 0% used [0x00000007bd300000,0x00000007bd300000,0x00000007c0000000)
 ParOldGen       total 175104K, used 70196K [0x00000006c1a00000, 0x00000006cc500000, 0x000000076b380000)
  object space 175104K, 40% used [0x00000006c1a00000,0x00000006c5e8d060,0x00000006cc500000)
 Metaspace       used 3349K, capacity 4496K, committed 4864K, reserved 1056768K
  class space    used 384K, capacity 388K, committed 512K, reserved 1048576K
Event: 9.753 GC heap after
Heap after GC invocations=14 (full 0):
 PSYoungGen      total 1242624K, used 46063K [0x000000076b380000, 0x00000007c0000000, 0x00000007c0000000)
  eden space 1196544K, 0% used [0x000000076b380000,0x000000076b380000,0x00000007b4400000)
  from space 46080K, 99% used [0x00000007bd300000,0x00000007bfffbf10,0x00000007c0000000)
  to   space 96256K, 0% used [0x00000007b4400000,0x00000007b4400000,0x00000007ba200000)
 ParOldGen       total 175104K, used 160740K [0x00000006c1a00000, 0x00000006cc500000, 0x000000076b380000)
  object space 175104K, 91% used [0x00000006c1a00000,0x00000006cb6f9060,0x00000006cc500000)
 Metaspace       used 3349K, capacity 4496K, committed 4864K, reserved 1056768K
  class space    used 384K, capacity 388K, committed 512K, reserved 1048576K
}
Event: 9.753 GC heap before
{Heap before GC invocations=15 (full 1):
 PSYoungGen      total 1242624K, used 46063K [0x000000076b380000, 0x00000007c0000000, 0x00000007c0000000)
  eden space 1196544K, 0% used [0x000000076b380000,0x000000076b380000,0x00000007b4400000)
  from space 46080K, 99% used [0x00000007bd300000,0x00000007bfffbf10,0x00000007c0000000)
  to   space 96256K, 0% used [0x00000007b4400000,0x00000007b4400000,0x00000007ba200000)
 ParOldGen       total 175104K, used 160740K [0x00000006c1a00000, 0x00000006cc500000, 0x000000076b380000)
  object space 175104K, 91% used [0x00000006c1a00000,0x00000006cb6f9060,0x00000006cc500000)
 Metaspace       used 3349K, capacity 4496K, committed 4864K, reserved 1056768K
  class space    used 384K, capacity 388K, committed 512K, reserved 1048576K

Deoptimization events (8 events):
Event: 0.102 Thread 0x0000000004fdd800 Uncommon trap: reason=unstable_if action=reinterpret pc=0x0000000005317e70 method=java.util.Random.nextInt(I)I @ 58
Event: 0.120 Thread 0x0000000004fdd800 Uncommon trap: reason=array_check action=maybe_recompile pc=0x0000000005326768 method=arraySorter.QuickSort.quickSort([Ljava/lang/Comparable;II)V @ 78
Event: 0.121 Thread 0x0000000004fdd800 Uncommon trap: reason=array_check action=maybe_recompile pc=0x0000000005326768 method=arraySorter.QuickSort.quickSort([Ljava/lang/Comparable;II)V @ 78
Event: 0.121 Thread 0x0000000004fdd800 Uncommon trap: reason=array_check action=maybe_recompile pc=0x0000000005326768 method=arraySorter.QuickSort.quickSort([Ljava/lang/Comparable;II)V @ 78
Event: 0.122 Thread 0x0000000004fdd800 Uncommon trap: reason=array_check action=maybe_recompile pc=0x0000000005326768 method=arraySorter.QuickSort.quickSort([Ljava/lang/Comparable;II)V @ 78
Event: 0.132 Thread 0x0000000004fdd800 Uncommon trap: reason=array_check action=maybe_recompile pc=0x000000000532aaac method=arraySorter.QuickSort.quickSort([Ljava/lang/Comparable;II)V @ 78
Event: 0.145 Thread 0x0000000004fdd800 Uncommon trap: reason=array_check action=maybe_recompile pc=0x0000000005331200 method=arraySorter.QuickSort.quickSort([Ljava/lang/Comparable;II)V @ 84
Event: 0.145 Thread 0x0000000004fdd800 Uncommon trap: reason=array_check action=maybe_recompile pc=0x0000000005331200 method=arraySorter.QuickSort.quickSort([Ljava/lang/Comparable;II)V @ 84

Internal exceptions (6 events):
Event: 0.030 Thread 0x0000000004fdd800 Exception <a 'java/lang/NoSuchMethodError': Method sun.misc.Unsafe.defineClass(Ljava/lang/String;[BII)Ljava/lang/Class; name or signature does not match> (0x000000076b387ca8) thrown at [C:\re\workspace\8-2-build-windows-amd64-cygwin\jdk8u151\9699\hotspot\
Event: 0.030 Thread 0x0000000004fdd800 Exception <a 'java/lang/NoSuchMethodError': Method sun.misc.Unsafe.prefetchRead(Ljava/lang/Object;J)V name or signature does not match> (0x000000076b387f90) thrown at [C:\re\workspace\8-2-build-windows-amd64-cygwin\jdk8u151\9699\hotspot\src\share\vm\prims
Event: 0.086 Thread 0x0000000004fdd800 Exception <a 'java/security/PrivilegedActionException'> (0x000000076b42c5c8) thrown at [C:\re\workspace\8-2-build-windows-amd64-cygwin\jdk8u151\9699\hotspot\src\share\vm\prims\jvm.cpp, line 1390]
Event: 0.086 Thread 0x0000000004fdd800 Exception <a 'java/security/PrivilegedActionException'> (0x000000076b42c9c0) thrown at [C:\re\workspace\8-2-build-windows-amd64-cygwin\jdk8u151\9699\hotspot\src\share\vm\prims\jvm.cpp, line 1390]
Event: 0.087 Thread 0x0000000004fdd800 Exception <a 'java/security/PrivilegedActionException'> (0x000000076b430818) thrown at [C:\re\workspace\8-2-build-windows-amd64-cygwin\jdk8u151\9699\hotspot\src\share\vm\prims\jvm.cpp, line 1390]
Event: 0.087 Thread 0x0000000004fdd800 Exception <a 'java/security/PrivilegedActionException'> (0x000000076b430c10) thrown at [C:\re\workspace\8-2-build-windows-amd64-cygwin\jdk8u151\9699\hotspot\src\share\vm\prims\jvm.cpp, line 1390]

Events (10 events):
Event: 3.252 Executing VM operation: ParallelGCFailedAllocation done
Event: 4.076 Executing VM operation: EnableBiasedLocking
Event: 4.077 Executing VM operation: EnableBiasedLocking done
Event: 4.497 Executing VM operation: ParallelGCFailedAllocation
Event: 4.557 Executing VM operation: ParallelGCFailedAllocation done
Event: 5.929 Executing VM operation: ParallelGCFailedAllocation
Event: 5.929 Executing VM operation: ParallelGCFailedAllocation done
Event: 7.749 Executing VM operation: ParallelGCFailedAllocation
Event: 7.802 Executing VM operation: ParallelGCFailedAllocation done
Event: 9.612 Executing VM operation: ParallelGCFailedAllocation


Dynamic libraries:
0x00007ff701130000 - 0x00007ff701167000 	C:\Program Files\Java\jre1.8.0_151\bin\javaw.exe
0x00007ffbc0cb0000 - 0x00007ffbc0e90000 	C:\WINDOWS\SYSTEM32\ntdll.dll
0x00007ffbbe4b0000 - 0x00007ffbbe55e000 	C:\WINDOWS\System32\KERNEL32.DLL
0x00007ffbbd5f0000 - 0x00007ffbbd856000 	C:\WINDOWS\System32\KERNELBASE.dll
0x00007ffbbf9b0000 - 0x00007ffbbfa51000 	C:\WINDOWS\System32\ADVAPI32.dll
0x00007ffbc0230000 - 0x00007ffbc02cd000 	C:\WINDOWS\System32\msvcrt.dll
0x00007ffbbfff0000 - 0x00007ffbc004b000 	C:\WINDOWS\System32\sechost.dll
0x00007ffbc0730000 - 0x00007ffbc084f000 	C:\WINDOWS\System32\RPCRT4.dll
0x00007ffbc09c0000 - 0x00007ffbc0b4f000 	C:\WINDOWS\System32\USER32.dll
0x00007ffbbd300000 - 0x00007ffbbd320000 	C:\WINDOWS\System32\win32u.dll
0x00007ffbbfb10000 - 0x00007ffbbfb38000 	C:\WINDOWS\System32\GDI32.dll
0x00007ffbbd100000 - 0x00007ffbbd293000 	C:\WINDOWS\System32\gdi32full.dll
0x00007ffbbe0e0000 - 0x00007ffbbe17b000 	C:\WINDOWS\System32\msvcp_win.dll
0x00007ffbbd320000 - 0x00007ffbbd416000 	C:\WINDOWS\System32\ucrtbase.dll
0x00007ffbb13f0000 - 0x00007ffbb1659000 	C:\WINDOWS\WinSxS\amd64_microsoft.windows.common-controls_6595b64144ccf1df_6.0.16299.248_none_15ced204935f55d7\COMCTL32.dll
0x00007ffbc0420000 - 0x00007ffbc0728000 	C:\WINDOWS\System32\combase.dll
0x00007ffbbdfb0000 - 0x00007ffbbe022000 	C:\WINDOWS\System32\bcryptPrimitives.dll
0x00007ffbc0c50000 - 0x00007ffbc0c7d000 	C:\WINDOWS\System32\IMM32.DLL
0x0000000065c80000 - 0x0000000065d52000 	C:\Program Files\Java\jre1.8.0_151\bin\msvcr100.dll
0x0000000064f90000 - 0x000000006582d000 	C:\Program Files\Java\jre1.8.0_151\bin\server\jvm.dll
0x00007ffbbf9a0000 - 0x00007ffbbf9a8000 	C:\WINDOWS\System32\PSAPI.DLL
0x00007ffbb1660000 - 0x00007ffbb1669000 	C:\WINDOWS\SYSTEM32\WSOCK32.dll
0x00007ffbc01c0000 - 0x00007ffbc022c000 	C:\WINDOWS\System32\WS2_32.dll
0x00007ffbbad40000 - 0x00007ffbbad63000 	C:\WINDOWS\SYSTEM32\WINMM.dll
0x00007ffbb6940000 - 0x00007ffbb694a000 	C:\WINDOWS\SYSTEM32\VERSION.dll
0x00007ffbbaa10000 - 0x00007ffbbaa3a000 	C:\WINDOWS\SYSTEM32\WINMMBASE.dll
0x00007ffbbd0b0000 - 0x00007ffbbd0fa000 	C:\WINDOWS\System32\cfgmgr32.dll
0x0000000065e40000 - 0x0000000065e4f000 	C:\Program Files\Java\jre1.8.0_151\bin\verify.dll
0x0000000065e10000 - 0x0000000065e39000 	C:\Program Files\Java\jre1.8.0_151\bin\java.dll
0x0000000065df0000 - 0x0000000065e06000 	C:\Program Files\Java\jre1.8.0_151\bin\zip.dll
0x00007ffbbe560000 - 0x00007ffbbf996000 	C:\WINDOWS\System32\SHELL32.dll
0x00007ffbbfa60000 - 0x00007ffbbfb06000 	C:\WINDOWS\System32\shcore.dll
0x00007ffbbd860000 - 0x00007ffbbdfa7000 	C:\WINDOWS\System32\windows.storage.dll
0x00007ffbc0940000 - 0x00007ffbc0991000 	C:\WINDOWS\System32\shlwapi.dll
0x00007ffbbd040000 - 0x00007ffbbd051000 	C:\WINDOWS\System32\kernel.appcore.dll
0x00007ffbbd060000 - 0x00007ffbbd0ac000 	C:\WINDOWS\System32\powrprof.dll
0x00007ffbbd020000 - 0x00007ffbbd03b000 	C:\WINDOWS\System32\profapi.dll
0x00007ffbbcb60000 - 0x00007ffbbcd28000 	C:\WINDOWS\SYSTEM32\dbghelp.dll

VM Arguments:
jvm_args: -Dfile.encoding=Cp1252 
java_command: arraySorter.QuickSortTimer
java_class_path (initial): C:\Program Files\Java\jre1.8.0_151\lib\resources.jar;C:\Program Files\Java\jre1.8.0_151\lib\rt.jar;C:\Program Files\Java\jre1.8.0_151\lib\jsse.jar;C:\Program Files\Java\jre1.8.0_151\lib\jce.jar;C:\Program Files\Java\jre1.8.0_151\lib\charsets.jar;C:\Program Files\Java\jre1.8.0_151\lib\jfr.jar;C:\Program Files\Java\jre1.8.0_151\lib\ext\access-bridge-64.jar;C:\Program Files\Java\jre1.8.0_151\lib\ext\cldrdata.jar;C:\Program Files\Java\jre1.8.0_151\lib\ext\dnsns.jar;C:\Program Files\Java\jre1.8.0_151\lib\ext\jaccess.jar;C:\Program Files\Java\jre1.8.0_151\lib\ext\jfxrt.jar;C:\Program Files\Java\jre1.8.0_151\lib\ext\localedata.jar;C:\Program Files\Java\jre1.8.0_151\lib\ext\nashorn.jar;C:\Program Files\Java\jre1.8.0_151\lib\ext\sunec.jar;C:\Program Files\Java\jre1.8.0_151\lib\ext\sunjce_provider.jar;C:\Program Files\Java\jre1.8.0_151\lib\ext\sunmscapi.jar;C:\Program Files\Java\jre1.8.0_151\lib\ext\sunpkcs11.jar;C:\Program Files\Java\jre1.8.0_151\lib\ext\zipfs.jar;D:\Java\Java\week05\bin;C:\Users\Jack\.p2\pool\plugins\org.junit_4.12.0.v201504281640\junit.jar;C:\Users\Jack\.p2\pool\plugins\org.hamcrest.core_1.3.0.v201303031735.jar
Launcher Type: SUN_STANDARD

Environment Variables:
PATH=C:/Program Files/Java/jre1.8.0_151/bin/server;C:/Program Files/Java/jre1.8.0_151/bin;C:/Program Files/Java/jre1.8.0_151/lib/amd64;C:\ProgramData\Oracle\Java\javapath;C:\windows\system32;C:\windows;C:\windows\System32\Wbem;C:\windows\System32\WindowsPowerShell\v1.0\;C:\Program Files (x86)\NVIDIA Corporation\PhysX\Common;C:\Program Files (x86)\Windows Kits\8.1\Windows Performance Toolkit\;C:\Program Files\Common Files\Autodesk Shared\;C:\WINDOWS\system32;C:\WINDOWS;C:\WINDOWS\System32\Wbem;C:\WINDOWS\System32\WindowsPowerShell\v1.0\;D:\MATLAB\R2017b\bin;C:\Users\Jack\AppData\Local\Microsoft\WindowsApps;C:\Users\Jack\AppData\Local\GitHubDesktop\bin;%USERPROFILE%\AppData\Local\Microsoft\WindowsApps;;C:\Users\Jack\Desktop;
USERNAME=Jack
OS=Windows_NT
PROCESSOR_IDENTIFIER=Intel64 Family 6 Model 158 Stepping 9, GenuineIntel



---------------  S Y S T E M  ---------------

OS: Windows 10.0 , 64 bit Build 16299 (10.0.16299.15)

CPU:total 8 (initial active 8) (4 cores per cpu, 2 threads per core) family 6 model 158 stepping 9, cmov, cx8, fxsr, mmx, sse, sse2, sse3, ssse3, sse4.1, sse4.2, popcnt, avx, avx2, aes, clmul, erms, 3dnowpref, lzcnt, ht, tsc, tscinvbit, bmi1, bmi2, adx

Memory: 4k page, physical 16663156k(10198732k free), swap 33440372k(25936396k free)

vm_info: Java HotSpot(TM) 64-Bit Server VM (25.151-b12) for windows-amd64 JRE (1.8.0_151-b12), built on Sep  5 2017 19:33:46 by "java_re" with MS VC++ 10.0 (VS2010)

time: Mon Mar 12 17:26:44 2018
elapsed time: 10 seconds (0d 0h 0m 10s)

