#
# A fatal error has been detected by the Java Runtime Environment:
#
#  EXCEPTION_ACCESS_VIOLATION (0xc0000005) at pc=0x00000000650a81b0, pid=6492, tid=0x0000000000004318
#
# JRE version: Java(TM) SE Runtime Environment (8.0_151-b12) (build 1.8.0_151-b12)
# Java VM: Java HotSpot(TM) 64-Bit Server VM (25.151-b12 mixed mode windows-amd64 compressed oops)
# Problematic frame:
# V  [jvm.dll+0x1181b0]
#
# Failed to write core dump. Minidumps are not enabled by default on client versions of Windows
#
# If you would like to submit a bug report, please visit:
#   http://bugreport.java.com/bugreport/crash.jsp
#

---------------  T H R E A D  ---------------

Current thread (0x00000000048a3000):  GCTaskThread [stack: 0x0000000015090000,0x0000000015190000] [id=17176]

siginfo: ExceptionCode=0xc0000005, writing address 0x00000000655934bc

Registers:
RAX=0x0000000065593498, RBX=0x0000000000000009, RCX=0x00000007c0001ef8, RDX=0x00000000049727c0
RSP=0x000000001518f558, RBP=0x00000000657ad850, RSI=0x0000000000010000, RDI=0x000000000000001b
R8 =0x00000006c1a00048, R9 =0x00000007c0001ef8, R10=0x00000000049727c0, R11=0x0000000000010000
R12=0x0000000000010000, R13=0x0000000000010000, R14=0x000000001518f670, R15=0x000000001518f640
RIP=0x00000000650a81b0, EFLAGS=0x0000000000010207

Top of Stack: (sp=0x000000001518f558)
0x000000001518f558:   000000006538d821 0000000000000006
0x000000001518f568:   00000000657ad850 0000000000010000
0x000000001518f578:   0000000000000000 00000006c9d00000
0x000000001518f588:   000000006538eb79 0000000000000280
0x000000001518f598:   000000001d1c0000 00000006c9e00000
0x000000001518f5a8:   000000001518f5f8 0000000000000009
0x000000001518f5b8:   00000000653845b0 00000000657ad850
0x000000001518f5c8:   00000000049727c0 0000000000000000
0x000000001518f5d8:   00000006c9db62a8 0000000000000000
0x000000001518f5e8:   0000000000000000 00000006c1a00000
0x000000001518f5f8:   0000000000000001 000000001d1c0000
0x000000001518f608:   000000006538e71b 00000000048a3000
0x000000001518f618:   0000000000000000 000000001518f640
0x000000001518f628:   0000000000010000 0000000000010000
0x000000001518f638:   0000000000010000 00000000655e56b8
0x000000001518f648:   00000000657ad850 00000000049727c0 

Instructions: (pc=0x00000000650a81b0)
0x00000000650a8190:   8b 74 24 60 48 8b 7c 2c 68 08 83 c4 30 c1 5e 41
0x00000000650a81a0:   5d 41 5c 48 ff a0 e8 00 08 04 cc cc cc cc cc cc
0x00000000650a81b0:   4a 89 58 24 08 48 89 6c 24 10 48 89 74 24 18 57
0x00000000650a81c0:   48 83 ec 20 48 8b 29 48 8b da 49 8b d0 49 8b f0 


Register to memory mapping:

RAX=0x0000000065593498 is an unknown value
RBX=0x0000000000000009 is an unknown value
RCX=0x00000007c0001ef8 is pointing into metadata
RDX=0x00000000049727c0 is an unknown value
RSP=0x000000001518f558 is an unknown value
RBP=0x00000000657ad850 is an unknown value
RSI=0x0000000000010000 is an unknown value
RDI=0x000000000000001b is an unknown value
R8 =0x00000006c1a00048 is an oop
java.lang.Class 
 - klass: 'java/lang/Class'
R9 =0x00000007c0001ef8 is pointing into metadata
R10=0x00000000049727c0 is an unknown value
R11=0x0000000000010000 is an unknown value
R12=0x0000000000010000 is an unknown value
R13=0x0000000000010000 is an unknown value
R14=0x000000001518f670 is an unknown value
R15=0x000000001518f640 is an unknown value


Stack: [0x0000000015090000,0x0000000015190000],  sp=0x000000001518f558,  free space=1021k
Native frames: (J=compiled Java code, j=interpreted, Vv=VM code, C=native code)
V  [jvm.dll+0x1181b0]
V  [jvm.dll+0x3fd821]
V  [jvm.dll+0x3feb79]
V  [jvm.dll+0x3f45b0]
V  [jvm.dll+0x3fe71b]
V  [jvm.dll+0x3f2a0e]
V  [jvm.dll+0x29c3ea]
C  [msvcr100.dll+0x21d9f]
C  [msvcr100.dll+0x21e3b]
C  [KERNEL32.DLL+0x11fe4]
C  [ntdll.dll+0x6efc1]


---------------  P R O C E S S  ---------------

Java Threads: ( => current thread )
  0x0000000020391000 JavaThread "Service Thread" daemon [_thread_blocked, id=14172, stack(0x0000000020ec0000,0x0000000020fc0000)]
  0x0000000020303000 JavaThread "C1 CompilerThread3" daemon [_thread_blocked, id=8248, stack(0x0000000020dc0000,0x0000000020ec0000)]
  0x00000000202fe000 JavaThread "C2 CompilerThread2" daemon [_thread_blocked, id=5412, stack(0x0000000020cc0000,0x0000000020dc0000)]
  0x00000000202fc000 JavaThread "C2 CompilerThread1" daemon [_thread_blocked, id=16640, stack(0x0000000020bc0000,0x0000000020cc0000)]
  0x00000000202f8800 JavaThread "C2 CompilerThread0" daemon [_thread_blocked, id=3864, stack(0x0000000020ac0000,0x0000000020bc0000)]
  0x00000000202f7800 JavaThread "Attach Listener" daemon [_thread_blocked, id=2392, stack(0x00000000209c0000,0x0000000020ac0000)]
  0x00000000202f6000 JavaThread "Signal Dispatcher" daemon [_thread_blocked, id=3292, stack(0x00000000208c0000,0x00000000209c0000)]
  0x000000001e403800 JavaThread "Finalizer" daemon [_thread_blocked, id=17380, stack(0x00000000206d0000,0x00000000207d0000)]
  0x000000001e3fc800 JavaThread "Reference Handler" daemon [_thread_blocked, id=1828, stack(0x00000000201d0000,0x00000000202d0000)]
  0x000000000487d800 JavaThread "main" [_thread_blocked, id=1628, stack(0x0000000004760000,0x0000000004860000)]

Other Threads:
  0x000000001e3f8000 VMThread [stack: 0x00000000200d0000,0x00000000201d0000] [id=16684]
  0x00000000203c5800 WatcherThread [stack: 0x0000000020fc0000,0x00000000210c0000] [id=13072]

=>0x00000000048a3000 (exited) GCTaskThread [stack: 0x0000000015090000,0x0000000015190000] [id=17176]

VM state:at safepoint (normal execution)

VM Mutex/Monitor currently owned by a thread:  ([mutex/lock_event])
[0x000000000487c6b0] Threads_lock - owner thread: 0x000000001e3f8000
[0x000000000487ca30] Heap_lock - owner thread: 0x000000000487d800

Heap:
 PSYoungGen      total 1244160K, used 46575K [0x000000076b380000, 0x00000007c0000000, 0x00000007c0000000)
  eden space 1197568K, 0% used [0x000000076b380000,0x000000076b380000,0x00000007b4500000)
  from space 46592K, 99% used [0x00000007bd280000,0x00000007bfffbf10,0x00000007c0000000)
  to   space 95744K, 0% used [0x00000007b4500000,0x00000007b4500000,0x00000007ba280000)
 ParOldGen       total 175104K, used 158236K [0x00000006c1a00000, 0x00000006cc500000, 0x000000076b380000)
  object space 175104K, 90% used [0x00000006c1a00000,0x00000006cb487060,0x00000006cc500000)
 Metaspace       used 3349K, capacity 4496K, committed 4864K, reserved 1056768K
  class space    used 384K, capacity 388K, committed 512K, reserved 1048576K

Card table byte_map: [0x0000000013d40000,0x0000000014540000] byte_map_base: 0x0000000010733000

Marking Bits: (ParMarkBitMap*) 0x00000000657ad850
 Begin Bits: [0x0000000015290000, 0x0000000019228000)
 End Bits:   [0x0000000019228000, 0x000000001d1c0000)

Polling page: 0x0000000003040000

CodeCache: size=245760Kb used=1389Kb max_used=1390Kb free=244370Kb
 bounds [0x0000000004980000, 0x0000000004bf0000, 0x0000000013980000]
 total_blobs=410 nmethods=156 adapters=167
 compilation: enabled

Compilation events (10 events):
Event: 1.152 Thread 0x0000000020303000  152       3       java.util.regex.Pattern$GroupTail::match (111 bytes)
Event: 1.153 Thread 0x0000000020303000 nmethod 152 0x0000000004adc790 code [0x0000000004adc920, 0x0000000004adcce8]
Event: 1.153 Thread 0x0000000020303000  153       3       java.lang.String::subSequence (7 bytes)
Event: 1.153 Thread 0x0000000020303000 nmethod 153 0x0000000004acec10 code [0x0000000004aced80, 0x0000000004acef88]
Event: 1.439 Thread 0x0000000020303000  155       3       java.lang.StringBuilder::<init> (7 bytes)
Event: 1.440 Thread 0x0000000020303000 nmethod 155 0x0000000004adc250 code [0x0000000004adc3c0, 0x0000000004adc670]
Event: 1.440 Thread 0x0000000020303000  154       3       java.lang.String::toCharArray (25 bytes)
Event: 1.440 Thread 0x0000000020303000 nmethod 154 0x0000000004adbd90 code [0x0000000004adbf00, 0x0000000004adc188]
Event: 6.196 Thread 0x0000000020303000  156       1       sun.util.locale.BaseLocale::getRegion (5 bytes)
Event: 6.197 Thread 0x0000000020303000 nmethod 156 0x0000000004adbad0 code [0x0000000004adbc20, 0x0000000004adbd30]

GC Heap History (10 events):
Event: 3.516 GC heap after
Heap after GC invocations=10 (full 0):
 PSYoungGen      total 834048K, used 15334K [0x000000076b380000, 0x00000007a2280000, 0x00000007c0000000)
  eden space 818688K, 0% used [0x000000076b380000,0x000000076b380000,0x000000079d300000)
  from space 15360K, 99% used [0x000000079f280000,0x00000007a0179b10,0x00000007a0180000)
  to   space 32256K, 0% used [0x000000079d300000,0x000000079d300000,0x000000079f280000)
 ParOldGen       total 175104K, used 45484K [0x00000006c1a00000, 0x00000006cc500000, 0x000000076b380000)
  object space 175104K, 25% used [0x00000006c1a00000,0x00000006c466b060,0x00000006cc500000)
 Metaspace       used 3349K, capacity 4496K, committed 4864K, reserved 1056768K
  class space    used 384K, capacity 388K, committed 512K, reserved 1048576K
}
Event: 4.666 GC heap before
{Heap before GC invocations=11 (full 0):
 PSYoungGen      total 834048K, used 834022K [0x000000076b380000, 0x00000007a2280000, 0x00000007c0000000)
  eden space 818688K, 100% used [0x000000076b380000,0x000000079d300000,0x000000079d300000)
  from space 15360K, 99% used [0x000000079f280000,0x00000007a0179b10,0x00000007a0180000)
  to   space 32256K, 0% used [0x000000079d300000,0x000000079d300000,0x000000079f280000)
 ParOldGen       total 175104K, used 45484K [0x00000006c1a00000, 0x00000006cc500000, 0x000000076b380000)
  object space 175104K, 25% used [0x00000006c1a00000,0x00000006c466b060,0x00000006cc500000)
 Metaspace       used 3349K, capacity 4496K, committed 4864K, reserved 1056768K
  class space    used 384K, capacity 388K, committed 512K, reserved 1048576K
Event: 4.725 GC heap after
Heap after GC invocations=11 (full 0):
 PSYoungGen      total 850944K, used 32233K [0x000000076b380000, 0x00000007c0000000, 0x00000007c0000000)
  eden space 818688K, 0% used [0x000000076b380000,0x000000076b380000,0x000000079d300000)
  from space 32256K, 99% used [0x000000079d300000,0x000000079f27a410,0x000000079f280000)
  to   space 46592K, 0% used [0x00000007bd280000,0x00000007bd280000,0x00000007c0000000)
 ParOldGen       total 175104K, used 66516K [0x00000006c1a00000, 0x00000006cc500000, 0x000000076b380000)
  object space 175104K, 37% used [0x00000006c1a00000,0x00000006c5af5060,0x00000006cc500000)
 Metaspace       used 3349K, capacity 4496K, committed 4864K, reserved 1056768K
  class space    used 384K, capacity 388K, committed 512K, reserved 1048576K
}
Event: 5.899 GC heap before
{Heap before GC invocations=12 (full 0):
 PSYoungGen      total 850944K, used 841215K [0x000000076b380000, 0x00000007c0000000, 0x00000007c0000000)
  eden space 818688K, 98% used [0x000000076b380000,0x000000079c985800,0x000000079d300000)
  from space 32256K, 99% used [0x000000079d300000,0x000000079f27a410,0x000000079f280000)
  to   space 46592K, 0% used [0x00000007bd280000,0x00000007bd280000,0x00000007c0000000)
 ParOldGen       total 175104K, used 66516K [0x00000006c1a00000, 0x00000006cc500000, 0x000000076b380000)
  object space 175104K, 37% used [0x00000006c1a00000,0x00000006c5af5060,0x00000006cc500000)
 Metaspace       used 3349K, capacity 4496K, committed 4864K, reserved 1056768K
  class space    used 384K, capacity 388K, committed 512K, reserved 1048576K
Event: 5.899 GC heap after
Heap after GC invocations=12 (full 0):
 PSYoungGen      total 1343488K, used 0K [0x000000076b380000, 0x00000007c0000000, 0x00000007c0000000)
  eden space 1296896K, 0% used [0x000000076b380000,0x000000076b380000,0x00000007ba600000)
  from space 46592K, 0% used [0x00000007bd280000,0x00000007bd280000,0x00000007c0000000)
  to   space 45568K, 0% used [0x00000007ba600000,0x00000007ba600000,0x00000007bd280000)
 ParOldGen       total 175104K, used 66516K [0x00000006c1a00000, 0x00000006cc500000, 0x000000076b380000)
  object space 175104K, 37% used [0x00000006c1a00000,0x00000006c5af5060,0x00000006cc500000)
 Metaspace       used 3349K, capacity 4496K, committed 4864K, reserved 1056768K
  class space    used 384K, capacity 388K, committed 512K, reserved 1048576K
}
Event: 7.717 GC heap before
{Heap before GC invocations=13 (full 0):
 PSYoungGen      total 1343488K, used 1296896K [0x000000076b380000, 0x00000007c0000000, 0x00000007c0000000)
  eden space 1296896K, 100% used [0x000000076b380000,0x00000007ba600000,0x00000007ba600000)
  from space 46592K, 0% used [0x00000007bd280000,0x00000007bd280000,0x00000007c0000000)
  to   space 45568K, 0% used [0x00000007ba600000,0x00000007ba600000,0x00000007bd280000)
 ParOldGen       total 175104K, used 66516K [0x00000006c1a00000, 0x00000006cc500000, 0x000000076b380000)
  object space 175104K, 37% used [0x00000006c1a00000,0x00000006c5af5060,0x00000006cc500000)
 Metaspace       used 3349K, capacity 4496K, committed 4864K, reserved 1056768K
  class space    used 384K, capacity 388K, committed 512K, reserved 1048576K
Event: 7.771 GC heap after
Heap after GC invocations=13 (full 0):
 PSYoungGen      total 1342464K, used 45549K [0x000000076b380000, 0x00000007c0000000, 0x00000007c0000000)
  eden space 1296896K, 0% used [0x000000076b380000,0x000000076b380000,0x00000007ba600000)
  from space 45568K, 99% used [0x00000007ba600000,0x00000007bd27b610,0x00000007bd280000)
  to   space 46592K, 0% used [0x00000007bd280000,0x00000007bd280000,0x00000007c0000000)
 ParOldGen       total 175104K, used 69220K [0x00000006c1a00000, 0x00000006cc500000, 0x000000076b380000)
  object space 175104K, 39% used [0x00000006c1a00000,0x00000006c5d99060,0x00000006cc500000)
 Metaspace       used 3349K, capacity 4496K, committed 4864K, reserved 1056768K
  class space    used 384K, capacity 388K, committed 512K, reserved 1048576K
}
Event: 9.753 GC heap before
{Heap before GC invocations=14 (full 0):
 PSYoungGen      total 1342464K, used 1342445K [0x000000076b380000, 0x00000007c0000000, 0x00000007c0000000)
  eden space 1296896K, 100% used [0x000000076b380000,0x00000007ba600000,0x00000007ba600000)
  from space 45568K, 99% used [0x00000007ba600000,0x00000007bd27b610,0x00000007bd280000)
  to   space 46592K, 0% used [0x00000007bd280000,0x00000007bd280000,0x00000007c0000000)
 ParOldGen       total 175104K, used 69220K [0x00000006c1a00000, 0x00000006cc500000, 0x000000076b380000)
  object space 175104K, 39% used [0x00000006c1a00000,0x00000006c5d99060,0x00000006cc500000)
 Metaspace       used 3349K, capacity 4496K, committed 4864K, reserved 1056768K
  class space    used 384K, capacity 388K, committed 512K, reserved 1048576K
Event: 9.896 GC heap after
Heap after GC invocations=14 (full 0):
 PSYoungGen      total 1244160K, used 46575K [0x000000076b380000, 0x00000007c0000000, 0x00000007c0000000)
  eden space 1197568K, 0% used [0x000000076b380000,0x000000076b380000,0x00000007b4500000)
  from space 46592K, 99% used [0x00000007bd280000,0x00000007bfffbf10,0x00000007c0000000)
  to   space 95744K, 0% used [0x00000007b4500000,0x00000007b4500000,0x00000007ba280000)
 ParOldGen       total 175104K, used 158236K [0x00000006c1a00000, 0x00000006cc500000, 0x000000076b380000)
  object space 175104K, 90% used [0x00000006c1a00000,0x00000006cb487060,0x00000006cc500000)
 Metaspace       used 3349K, capacity 4496K, committed 4864K, reserved 1056768K
  class space    used 384K, capacity 388K, committed 512K, reserved 1048576K
}
Event: 9.896 GC heap before
{Heap before GC invocations=15 (full 1):
 PSYoungGen      total 1244160K, used 46575K [0x000000076b380000, 0x00000007c0000000, 0x00000007c0000000)
  eden space 1197568K, 0% used [0x000000076b380000,0x000000076b380000,0x00000007b4500000)
  from space 46592K, 99% used [0x00000007bd280000,0x00000007bfffbf10,0x00000007c0000000)
  to   space 95744K, 0% used [0x00000007b4500000,0x00000007b4500000,0x00000007ba280000)
 ParOldGen       total 175104K, used 158236K [0x00000006c1a00000, 0x00000006cc500000, 0x000000076b380000)
  object space 175104K, 90% used [0x00000006c1a00000,0x00000006cb487060,0x00000006cc500000)
 Metaspace       used 3349K, capacity 4496K, committed 4864K, reserved 1056768K
  class space    used 384K, capacity 388K, committed 512K, reserved 1048576K

Deoptimization events (8 events):
Event: 0.114 Thread 0x000000000487d800 Uncommon trap: reason=unstable_if action=reinterpret pc=0x0000000004ab4f70 method=java.util.Random.nextInt(I)I @ 58
Event: 0.127 Thread 0x000000000487d800 Uncommon trap: reason=array_check action=maybe_recompile pc=0x0000000004ac6be4 method=arraySorter.QuickSort.quickSort([Ljava/lang/Comparable;II)V @ 78
Event: 0.130 Thread 0x000000000487d800 Uncommon trap: reason=array_check action=maybe_recompile pc=0x0000000004ac6be4 method=arraySorter.QuickSort.quickSort([Ljava/lang/Comparable;II)V @ 78
Event: 0.130 Thread 0x000000000487d800 Uncommon trap: reason=array_check action=maybe_recompile pc=0x0000000004ac6be4 method=arraySorter.QuickSort.quickSort([Ljava/lang/Comparable;II)V @ 78
Event: 0.132 Thread 0x000000000487d800 Uncommon trap: reason=array_check action=maybe_recompile pc=0x0000000004ac6be4 method=arraySorter.QuickSort.quickSort([Ljava/lang/Comparable;II)V @ 78
Event: 0.138 Thread 0x000000000487d800 Uncommon trap: reason=array_check action=maybe_recompile pc=0x0000000004ac2924 method=arraySorter.QuickSort.quickSort([Ljava/lang/Comparable;II)V @ 78
Event: 0.153 Thread 0x000000000487d800 Uncommon trap: reason=array_check action=maybe_recompile pc=0x0000000004ac8f74 method=arraySorter.QuickSort.quickSort([Ljava/lang/Comparable;II)V @ 84
Event: 0.153 Thread 0x000000000487d800 Uncommon trap: reason=array_check action=maybe_recompile pc=0x0000000004ac8f74 method=arraySorter.QuickSort.quickSort([Ljava/lang/Comparable;II)V @ 84

Internal exceptions (6 events):
Event: 0.030 Thread 0x000000000487d800 Exception <a 'java/lang/NoSuchMethodError': Method sun.misc.Unsafe.defineClass(Ljava/lang/String;[BII)Ljava/lang/Class; name or signature does not match> (0x000000076b387ca8) thrown at [C:\re\workspace\8-2-build-windows-amd64-cygwin\jdk8u151\9699\hotspot\
Event: 0.030 Thread 0x000000000487d800 Exception <a 'java/lang/NoSuchMethodError': Method sun.misc.Unsafe.prefetchRead(Ljava/lang/Object;J)V name or signature does not match> (0x000000076b387f90) thrown at [C:\re\workspace\8-2-build-windows-amd64-cygwin\jdk8u151\9699\hotspot\src\share\vm\prims
Event: 0.093 Thread 0x000000000487d800 Exception <a 'java/security/PrivilegedActionException'> (0x000000076b42c5c8) thrown at [C:\re\workspace\8-2-build-windows-amd64-cygwin\jdk8u151\9699\hotspot\src\share\vm\prims\jvm.cpp, line 1390]
Event: 0.093 Thread 0x000000000487d800 Exception <a 'java/security/PrivilegedActionException'> (0x000000076b42c9c0) thrown at [C:\re\workspace\8-2-build-windows-amd64-cygwin\jdk8u151\9699\hotspot\src\share\vm\prims\jvm.cpp, line 1390]
Event: 0.094 Thread 0x000000000487d800 Exception <a 'java/security/PrivilegedActionException'> (0x000000076b430818) thrown at [C:\re\workspace\8-2-build-windows-amd64-cygwin\jdk8u151\9699\hotspot\src\share\vm\prims\jvm.cpp, line 1390]
Event: 0.094 Thread 0x000000000487d800 Exception <a 'java/security/PrivilegedActionException'> (0x000000076b430c10) thrown at [C:\re\workspace\8-2-build-windows-amd64-cygwin\jdk8u151\9699\hotspot\src\share\vm\prims\jvm.cpp, line 1390]

Events (10 events):
Event: 3.517 Executing VM operation: ParallelGCFailedAllocation done
Event: 4.079 Executing VM operation: EnableBiasedLocking
Event: 4.079 Executing VM operation: EnableBiasedLocking done
Event: 4.666 Executing VM operation: ParallelGCFailedAllocation
Event: 4.725 Executing VM operation: ParallelGCFailedAllocation done
Event: 5.899 Executing VM operation: ParallelGCFailedAllocation
Event: 5.899 Executing VM operation: ParallelGCFailedAllocation done
Event: 7.717 Executing VM operation: ParallelGCFailedAllocation
Event: 7.771 Executing VM operation: ParallelGCFailedAllocation done
Event: 9.752 Executing VM operation: ParallelGCFailedAllocation


Dynamic libraries:
0x00007ff701130000 - 0x00007ff701167000 	C:\Program Files\Java\jre1.8.0_151\bin\javaw.exe
0x00007ffbc0cb0000 - 0x00007ffbc0e90000 	C:\WINDOWS\SYSTEM32\ntdll.dll
0x00007ffbbe4b0000 - 0x00007ffbbe55e000 	C:\WINDOWS\System32\KERNEL32.DLL
0x00007ffbbd5f0000 - 0x00007ffbbd856000 	C:\WINDOWS\System32\KERNELBASE.dll
0x00007ffbbf9b0000 - 0x00007ffbbfa51000 	C:\WINDOWS\System32\ADVAPI32.dll
0x00007ffbc0230000 - 0x00007ffbc02cd000 	C:\WINDOWS\System32\msvcrt.dll
0x00007ffbbfff0000 - 0x00007ffbc004b000 	C:\WINDOWS\System32\sechost.dll
0x00007ffbc0730000 - 0x00007ffbc084f000 	C:\WINDOWS\System32\RPCRT4.dll
0x00007ffbc09c0000 - 0x00007ffbc0b4f000 	C:\WINDOWS\System32\USER32.dll
0x00007ffbbd300000 - 0x00007ffbbd320000 	C:\WINDOWS\System32\win32u.dll
0x00007ffbbfb10000 - 0x00007ffbbfb38000 	C:\WINDOWS\System32\GDI32.dll
0x00007ffbbd100000 - 0x00007ffbbd293000 	C:\WINDOWS\System32\gdi32full.dll
0x00007ffbbe0e0000 - 0x00007ffbbe17b000 	C:\WINDOWS\System32\msvcp_win.dll
0x00007ffbbd320000 - 0x00007ffbbd416000 	C:\WINDOWS\System32\ucrtbase.dll
0x00007ffbb13f0000 - 0x00007ffbb1659000 	C:\WINDOWS\WinSxS\amd64_microsoft.windows.common-controls_6595b64144ccf1df_6.0.16299.248_none_15ced204935f55d7\COMCTL32.dll
0x00007ffbc0420000 - 0x00007ffbc0728000 	C:\WINDOWS\System32\combase.dll
0x00007ffbbdfb0000 - 0x00007ffbbe022000 	C:\WINDOWS\System32\bcryptPrimitives.dll
0x00007ffbc0c50000 - 0x00007ffbc0c7d000 	C:\WINDOWS\System32\IMM32.DLL
0x0000000065c80000 - 0x0000000065d52000 	C:\Program Files\Java\jre1.8.0_151\bin\msvcr100.dll
0x0000000064f90000 - 0x000000006582d000 	C:\Program Files\Java\jre1.8.0_151\bin\server\jvm.dll
0x00007ffbbf9a0000 - 0x00007ffbbf9a8000 	C:\WINDOWS\System32\PSAPI.DLL
0x00007ffbb1660000 - 0x00007ffbb1669000 	C:\WINDOWS\SYSTEM32\WSOCK32.dll
0x00007ffbbad40000 - 0x00007ffbbad63000 	C:\WINDOWS\SYSTEM32\WINMM.dll
0x00007ffbb6940000 - 0x00007ffbb694a000 	C:\WINDOWS\SYSTEM32\VERSION.dll
0x00007ffbc01c0000 - 0x00007ffbc022c000 	C:\WINDOWS\System32\WS2_32.dll
0x00007ffbbaa10000 - 0x00007ffbbaa3a000 	C:\WINDOWS\SYSTEM32\WINMMBASE.dll
0x00007ffbbd0b0000 - 0x00007ffbbd0fa000 	C:\WINDOWS\System32\cfgmgr32.dll
0x0000000065e40000 - 0x0000000065e4f000 	C:\Program Files\Java\jre1.8.0_151\bin\verify.dll
0x0000000065e10000 - 0x0000000065e39000 	C:\Program Files\Java\jre1.8.0_151\bin\java.dll
0x0000000065df0000 - 0x0000000065e06000 	C:\Program Files\Java\jre1.8.0_151\bin\zip.dll
0x00007ffbbe560000 - 0x00007ffbbf996000 	C:\WINDOWS\System32\SHELL32.dll
0x00007ffbbfa60000 - 0x00007ffbbfb06000 	C:\WINDOWS\System32\shcore.dll
0x00007ffbbd860000 - 0x00007ffbbdfa7000 	C:\WINDOWS\System32\windows.storage.dll
0x00007ffbc0940000 - 0x00007ffbc0991000 	C:\WINDOWS\System32\shlwapi.dll
0x00007ffbbd040000 - 0x00007ffbbd051000 	C:\WINDOWS\System32\kernel.appcore.dll
0x00007ffbbd060000 - 0x00007ffbbd0ac000 	C:\WINDOWS\System32\powrprof.dll
0x00007ffbbd020000 - 0x00007ffbbd03b000 	C:\WINDOWS\System32\profapi.dll
0x00007ffbbcb60000 - 0x00007ffbbcd28000 	C:\WINDOWS\SYSTEM32\dbghelp.dll

VM Arguments:
jvm_args: -Dfile.encoding=Cp1252 
java_command: arraySorter.QuickSortTimer
java_class_path (initial): C:\Program Files\Java\jre1.8.0_151\lib\resources.jar;C:\Program Files\Java\jre1.8.0_151\lib\rt.jar;C:\Program Files\Java\jre1.8.0_151\lib\jsse.jar;C:\Program Files\Java\jre1.8.0_151\lib\jce.jar;C:\Program Files\Java\jre1.8.0_151\lib\charsets.jar;C:\Program Files\Java\jre1.8.0_151\lib\jfr.jar;C:\Program Files\Java\jre1.8.0_151\lib\ext\access-bridge-64.jar;C:\Program Files\Java\jre1.8.0_151\lib\ext\cldrdata.jar;C:\Program Files\Java\jre1.8.0_151\lib\ext\dnsns.jar;C:\Program Files\Java\jre1.8.0_151\lib\ext\jaccess.jar;C:\Program Files\Java\jre1.8.0_151\lib\ext\jfxrt.jar;C:\Program Files\Java\jre1.8.0_151\lib\ext\localedata.jar;C:\Program Files\Java\jre1.8.0_151\lib\ext\nashorn.jar;C:\Program Files\Java\jre1.8.0_151\lib\ext\sunec.jar;C:\Program Files\Java\jre1.8.0_151\lib\ext\sunjce_provider.jar;C:\Program Files\Java\jre1.8.0_151\lib\ext\sunmscapi.jar;C:\Program Files\Java\jre1.8.0_151\lib\ext\sunpkcs11.jar;C:\Program Files\Java\jre1.8.0_151\lib\ext\zipfs.jar;D:\Java\Java\week05\bin;C:\Users\Jack\.p2\pool\plugins\org.junit_4.12.0.v201504281640\junit.jar;C:\Users\Jack\.p2\pool\plugins\org.hamcrest.core_1.3.0.v201303031735.jar
Launcher Type: SUN_STANDARD

Environment Variables:
PATH=C:/Program Files/Java/jre1.8.0_151/bin/server;C:/Program Files/Java/jre1.8.0_151/bin;C:/Program Files/Java/jre1.8.0_151/lib/amd64;C:\ProgramData\Oracle\Java\javapath;C:\windows\system32;C:\windows;C:\windows\System32\Wbem;C:\windows\System32\WindowsPowerShell\v1.0\;C:\Program Files (x86)\NVIDIA Corporation\PhysX\Common;C:\Program Files (x86)\Windows Kits\8.1\Windows Performance Toolkit\;C:\Program Files\Common Files\Autodesk Shared\;C:\WINDOWS\system32;C:\WINDOWS;C:\WINDOWS\System32\Wbem;C:\WINDOWS\System32\WindowsPowerShell\v1.0\;D:\MATLAB\R2017b\bin;C:\Users\Jack\AppData\Local\Microsoft\WindowsApps;C:\Users\Jack\AppData\Local\GitHubDesktop\bin;%USERPROFILE%\AppData\Local\Microsoft\WindowsApps;;C:\Users\Jack\Desktop;
USERNAME=Jack
OS=Windows_NT
PROCESSOR_IDENTIFIER=Intel64 Family 6 Model 158 Stepping 9, GenuineIntel



---------------  S Y S T E M  ---------------

OS: Windows 10.0 , 64 bit Build 16299 (10.0.16299.15)

CPU:total 8 (initial active 8) (4 cores per cpu, 2 threads per core) family 6 model 158 stepping 9, cmov, cx8, fxsr, mmx, sse, sse2, sse3, ssse3, sse4.1, sse4.2, popcnt, avx, avx2, aes, clmul, erms, 3dnowpref, lzcnt, ht, tsc, tscinvbit, bmi1, bmi2, adx

Memory: 4k page, physical 16663156k(10210776k free), swap 33440372k(25997180k free)

vm_info: Java HotSpot(TM) 64-Bit Server VM (25.151-b12) for windows-amd64 JRE (1.8.0_151-b12), built on Sep  5 2017 19:33:46 by "java_re" with MS VC++ 10.0 (VS2010)

time: Mon Mar 12 17:27:36 2018
elapsed time: 10 seconds (0d 0h 0m 10s)

