#
# A fatal error has been detected by the Java Runtime Environment:
#
#  EXCEPTION_ACCESS_VIOLATION (0xc0000005) at pc=0x00000000650a81b0, pid=14804, tid=0x0000000000003dd0
#
# JRE version: Java(TM) SE Runtime Environment (8.0_151-b12) (build 1.8.0_151-b12)
# Java VM: Java HotSpot(TM) 64-Bit Server VM (25.151-b12 mixed mode windows-amd64 compressed oops)
# Problematic frame:
# V  [jvm.dll+0x1181b0]
#
# Failed to write core dump. Minidumps are not enabled by default on client versions of Windows
#
# If you would like to submit a bug report, please visit:
#   http://bugreport.java.com/bugreport/crash.jsp
#

---------------  T H R E A D  ---------------

Current thread (0x00000000045fa000):  GCTaskThread [stack: 0x00000000149f0000,0x0000000014af0000] [id=15824]

siginfo: ExceptionCode=0xc0000005, writing address 0x00000000655934bc

Registers:
RAX=0x0000000065593498, RBX=0x0000000014aef8c8, RCX=0x00000007c0001ef8, RDX=0x00000000046d1b20
RSP=0x0000000014aef818, RBP=0x0000000000000c00, RSI=0x0000000000000017, RDI=0x000000000000000e
R8 =0x00000006c1a00050, R9 =0x00000007c0001ef8, R10=0x0000000000000030, R11=0x0000000000000c00
R12=0x00000000657ad850, R13=0x0000000000000001, R14=0x00000006c1a06000, R15=0x0000000014aef8c8
RIP=0x00000000650a81b0, EFLAGS=0x0000000000010207

Top of Stack: (sp=0x0000000014aef818)
0x0000000014aef818:   000000006538eb39 0000000014aef8c8
0x0000000014aef828:   0000000000000c00 0000000000000009
0x0000000014aef838:   00000000650a4d50 0000000000000c00
0x0000000014aef848:   000000006538443d 000000000000000a
0x0000000014aef858:   0000000065093b2f 0000000000000000
0x0000000014aef868:   000000006538e8c1 00000006c1a06000
0x0000000014aef878:   00000006c1a06000 0000000000000001
0x0000000014aef888:   0000000000000000 0000000002c30000
0x0000000014aef898:   000000006538fe34 0000000000000000
0x0000000014aef8a8:   0000000014aef908 0000000000000000
0x0000000014aef8b8:   00007ffb00000001 0000000002c30000
0x0000000014aef8c8:   00000000655e56a8 00000000657ad850
0x0000000014aef8d8:   00000000046d1b20 000000000000fff6
0x0000000014aef8e8:   00000006c1a00050 00000000045f2920
0x0000000014aef8f8:   00000006c1a00050 0000000000000000
0x0000000014aef908:   00000000045fa270 00000000045fa260 

Instructions: (pc=0x00000000650a81b0)
0x00000000650a8190:   8b 74 24 60 48 8b 7c 2c 68 08 83 c4 30 c1 5e 41
0x00000000650a81a0:   5d 41 5c 48 ff a0 e8 00 08 04 cc cc cc cc cc cc
0x00000000650a81b0:   4a 89 58 24 08 48 89 6c 24 10 48 89 74 24 18 57
0x00000000650a81c0:   48 83 ec 20 48 8b 29 48 8b da 49 8b d0 49 8b f0 


Register to memory mapping:

RAX=0x0000000065593498 is an unknown value
RBX=0x0000000014aef8c8 is an unknown value
RCX=0x00000007c0001ef8 is pointing into metadata
RDX=0x00000000046d1b20 is an unknown value
RSP=0x0000000014aef818 is an unknown value
RBP=0x0000000000000c00 is an unknown value
RSI=0x0000000000000017 is an unknown value
RDI=0x000000000000000e is an unknown value
R8 =0x00000006c1a00050 is an oop
java.lang.Class 
 - klass: 'java/lang/Class'
R9 =0x00000007c0001ef8 is pointing into metadata
R10=0x0000000000000030 is an unknown value
R11=0x0000000000000c00 is an unknown value
R12=0x00000000657ad850 is an unknown value
R13=0x0000000000000001 is an unknown value
R14=
[error occurred during error reporting (printing register info), id 0xc0000005]

Stack: [0x00000000149f0000,0x0000000014af0000],  sp=0x0000000014aef818,  free space=1022k
Native frames: (J=compiled Java code, j=interpreted, Vv=VM code, C=native code)
V  [jvm.dll+0x1181b0]
V  [jvm.dll+0x3feb39]
V  [jvm.dll+0x3f443d]
V  [jvm.dll+0x3ffe34]
V  [jvm.dll+0x3f792a]
V  [jvm.dll+0x3f53e6]
V  [jvm.dll+0x3f2a0e]
V  [jvm.dll+0x29c3ea]
C  [msvcr100.dll+0x21d9f]
C  [msvcr100.dll+0x21e3b]
C  [KERNEL32.DLL+0x11fe4]
C  [ntdll.dll+0x6efc1]


---------------  P R O C E S S  ---------------

Java Threads: ( => current thread )
  0x00000000200a4800 JavaThread "Unknown thread" [_thread_blocked, id=904, stack(0x0000000020bd0000,0x0000000020cd0000)]
  0x0000000020061000 JavaThread "Unknown thread" [_thread_blocked, id=6176, stack(0x0000000020ad0000,0x0000000020bd0000)]
  0x000000002005d800 JavaThread "Unknown thread" daemon [_thread_blocked, id=16248, stack(0x00000000209d0000,0x0000000020ad0000)]
  0x000000002000b800 JavaThread "Unknown thread" [_thread_blocked, id=6368, stack(0x00000000208d0000,0x00000000209d0000)]
  0x0000000020008800 JavaThread "Unknown thread" daemon [_thread_in_native, id=8292, stack(0x00000000207d0000,0x00000000208d0000)]
  0x0000000020006800 JavaThread "Unknown thread" [_thread_blocked, id=14612, stack(0x00000000206d0000,0x00000000207d0000)]
  0x0000000020005000 JavaThread "Unknown thread" [_thread_blocked, id=7700, stack(0x00000000205d0000,0x00000000206d0000)]
  0x0000000020000800 JavaThread "Unknown thread" [_thread_blocked, id=10076, stack(0x00000000203e0000,0x00000000204e0000)]
  0x00000000046d6000 JavaThread "Unknown thread" [_thread_blocked, id=11244, stack(0x000000001fee0000,0x000000001ffe0000)]
  0x00000000045e0800 JavaThread "Unknown thread" [_thread_blocked, id=14736, stack(0x0000000004480000,0x0000000004580000)]

Other Threads:
  0x000000001e10a000 VMThread [stack: 0x000000001fde0000,0x000000001fee0000] [id=812]
  0x00000000200ad000 WatcherThread [stack: 0x0000000020cd0000,0x0000000020dd0000] [id=824]

=>0x00000000045fa000 (exited) GCTaskThread [stack: 0x00000000149f0000,0x0000000014af0000] [id=15824]

VM state:at safepoint (normal execution)

VM Mutex/Monitor currently owned by a thread:  ([mutex/lock_event])
[0x00000000045dbb30] Threads_lock - owner thread: 0x000000001e10a000
[0x00000000045de3c0] Heap_lock - owner thread: 0x00000000045e0800

Heap:
 PSYoungGen      total 76288K, used 5429K [0x000000076b380000, 0x0000000770880000, 0x00000007c0000000)
  eden space 65536K, 0% used [0x000000076b380000,0x000000076b380000,0x000000076f380000)
  from space 10752K, 50% used [0x000000076fe00000,0x000000077034d730,0x0000000770880000)
  to   space 10752K, 0% used [0x000000076f380000,0x000000076f380000,0x000000076fe00000)
 ParOldGen       total 175104K, used 24K [0x00000006c1a00000, 0x00000006cc500000, 0x000000076b380000)
  object space 175104K, 0% used [0x00000006c1a00000,0x00000006c1a06000,0x00000006cc500000)
 Metaspace       used 13967K, capacity 14122K, committed 14464K, reserved 1062912K
  class space    used 1748K, capacity 1839K, committed 1920K, reserved 1048576K

Card table byte_map: [0x0000000013aa0000,0x00000000142a0000] byte_map_base: 0x0000000010493000

Marking Bits: (ParMarkBitMap*) 0x00000000657ad850
 Begin Bits: [0x0000000014ff0000, 0x0000000018f88000)
 End Bits:   [0x0000000018f88000, 0x000000001cf20000)

Polling page: 0x00000000026b0000

CodeCache: size=245760Kb used=5393Kb max_used=5406Kb free=240366Kb
 bounds [0x00000000046e0000, 0x0000000004c30000, 0x00000000136e0000]
 total_blobs=1882 nmethods=1552 adapters=242
 compilation: enabled

Compilation events (10 events):
Event: 2.945 Thread 0x0000000020061000 1551       3       java.util.regex.Pattern::next (33 bytes)
Event: 2.945 Thread 0x0000000020061000 nmethod 1551 0x0000000004c27d90 code [0x0000000004c27f00, 0x0000000004c281c8]
Event: 2.946 Thread 0x000000002000b800 nmethod 1547 0x0000000004c234d0 code [0x0000000004c23620, 0x0000000004c23a78]
Event: 2.946 Thread 0x0000000020061000 1552       3       java.util.Collections$EmptyMap::entrySet (4 bytes)
Event: 2.947 Thread 0x0000000020061000 nmethod 1552 0x0000000004c279d0 code [0x0000000004c27b40, 0x0000000004c27cf0]
Event: 2.950 Thread 0x000000002005d800 1553   !   4       java.util.zip.ZipFile$ZipFileInputStream::close (110 bytes)
Event: 2.958 Thread 0x000000002005d800 nmethod 1553 0x0000000004c24910 code [0x0000000004c24aa0, 0x0000000004c25368]
Event: 2.961 Thread 0x0000000020061000 1554       3       java.nio.Buffer::hasRemaining (17 bytes)
Event: 2.961 Thread 0x0000000020061000 nmethod 1554 0x0000000004c24590 code [0x0000000004c246e0, 0x0000000004c24890]
Event: 2.961 Thread 0x0000000020061000 1555       1       java.lang.AbstractStringBuilder::length (5 bytes)

GC Heap History (5 events):
Event: 2.266 GC heap before
{Heap before GC invocations=1 (full 0):
 PSYoungGen      total 76288K, used 65536K [0x000000076b380000, 0x0000000770880000, 0x00000007c0000000)
  eden space 65536K, 100% used [0x000000076b380000,0x000000076f380000,0x000000076f380000)
  from space 10752K, 0% used [0x000000076fe00000,0x000000076fe00000,0x0000000770880000)
  to   space 10752K, 0% used [0x000000076f380000,0x000000076f380000,0x000000076fe00000)
 ParOldGen       total 175104K, used 0K [0x00000006c1a00000, 0x00000006cc500000, 0x000000076b380000)
  object space 175104K, 0% used [0x00000006c1a00000,0x00000006c1a00000,0x00000006cc500000)
 Metaspace       used 11621K, capacity 11758K, committed 11904K, reserved 1058816K
  class space    used 1489K, capacity 1573K, committed 1664K, reserved 1048576K
Event: 2.281 GC heap after
Heap after GC invocations=1 (full 0):
 PSYoungGen      total 76288K, used 10116K [0x000000076b380000, 0x0000000770880000, 0x00000007c0000000)
  eden space 65536K, 0% used [0x000000076b380000,0x000000076b380000,0x000000076f380000)
  from space 10752K, 94% used [0x000000076f380000,0x000000076fd61178,0x000000076fe00000)
  to   space 10752K, 0% used [0x000000076fe00000,0x000000076fe00000,0x0000000770880000)
 ParOldGen       total 175104K, used 16K [0x00000006c1a00000, 0x00000006cc500000, 0x000000076b380000)
  object space 175104K, 0% used [0x00000006c1a00000,0x00000006c1a04000,0x00000006cc500000)
 Metaspace       used 11621K, capacity 11758K, committed 11904K, reserved 1058816K
  class space    used 1489K, capacity 1573K, committed 1664K, reserved 1048576K
}
Event: 2.961 GC heap before
{Heap before GC invocations=2 (full 0):
 PSYoungGen      total 76288K, used 25030K [0x000000076b380000, 0x0000000770880000, 0x00000007c0000000)
  eden space 65536K, 22% used [0x000000076b380000,0x000000076c210828,0x000000076f380000)
  from space 10752K, 94% used [0x000000076f380000,0x000000076fd61178,0x000000076fe00000)
  to   space 10752K, 0% used [0x000000076fe00000,0x000000076fe00000,0x0000000770880000)
 ParOldGen       total 175104K, used 16K [0x00000006c1a00000, 0x00000006cc500000, 0x000000076b380000)
  object space 175104K, 0% used [0x00000006c1a00000,0x00000006c1a04000,0x00000006cc500000)
 Metaspace       used 13967K, capacity 14122K, committed 14464K, reserved 1062912K
  class space    used 1748K, capacity 1839K, committed 1920K, reserved 1048576K
Event: 2.970 GC heap after
Heap after GC invocations=2 (full 0):
 PSYoungGen      total 76288K, used 5429K [0x000000076b380000, 0x0000000770880000, 0x00000007c0000000)
  eden space 65536K, 0% used [0x000000076b380000,0x000000076b380000,0x000000076f380000)
  from space 10752K, 50% used [0x000000076fe00000,0x000000077034d730,0x0000000770880000)
  to   space 10752K, 0% used [0x000000076f380000,0x000000076f380000,0x000000076fe00000)
 ParOldGen       total 175104K, used 24K [0x00000006c1a00000, 0x00000006cc500000, 0x000000076b380000)
  object space 175104K, 0% used [0x00000006c1a00000,0x00000006c1a06000,0x00000006cc500000)
 Metaspace       used 13967K, capacity 14122K, committed 14464K, reserved 1062912K
  class space    used 1748K, capacity 1839K, committed 1920K, reserved 1048576K
}
Event: 2.970 GC heap before
{Heap before GC invocations=3 (full 1):
 PSYoungGen      total 76288K, used 5429K [0x000000076b380000, 0x0000000770880000, 0x00000007c0000000)
  eden space 65536K, 0% used [0x000000076b380000,0x000000076b380000,0x000000076f380000)
  from space 10752K, 50% used [0x000000076fe00000,0x000000077034d730,0x0000000770880000)
  to   space 10752K, 0% used [0x000000076f380000,0x000000076f380000,0x000000076fe00000)
 ParOldGen       total 175104K, used 24K [0x00000006c1a00000, 0x00000006cc500000, 0x000000076b380000)
  object space 175104K, 0% used [0x00000006c1a00000,0x00000006c1a06000,0x00000006cc500000)
 Metaspace       used 13967K, capacity 14122K, committed 14464K, reserved 1062912K
  class space    used 1748K, capacity 1839K, committed 1920K, reserved 1048576K

Deoptimization events (10 events):
Event: 1.230 Thread 0x00000000045e0800 Uncommon trap: reason=range_check action=make_not_entrant pc=0x0000000004931fa8 method=sun.reflect.generics.parser.SignatureParser.current()C @ 34
Event: 1.245 Thread 0x00000000045e0800 Uncommon trap: reason=unstable_if action=reinterpret pc=0x00000000048845a8 method=org.codehaus.plexus.util.xml.pull.MXParser.more()C @ 8
Event: 1.337 Thread 0x00000000045e0800 Uncommon trap: reason=unstable_if action=reinterpret pc=0x000000000496c3b0 method=java.nio.charset.CoderResult.isOverflow()Z @ 5
Event: 1.369 Thread 0x00000000045e0800 Uncommon trap: reason=unstable_if action=reinterpret pc=0x000000000498aeb8 method=java.nio.charset.CoderResult.isOverflow()Z @ 5
Event: 1.369 Thread 0x00000000045e0800 Uncommon trap: reason=unstable_if action=reinterpret pc=0x0000000004982684 method=java.nio.charset.CoderResult.isOverflow()Z @ 5
Event: 1.447 Thread 0x00000000045e0800 Uncommon trap: reason=unstable_if action=reinterpret pc=0x000000000499700c method=sun.nio.cs.StreamDecoder.implRead([CII)I @ 197
Event: 1.483 Thread 0x00000000045e0800 Uncommon trap: reason=unstable_if action=reinterpret pc=0x00000000049abc94 method=sun.nio.cs.StreamDecoder.implRead([CII)I @ 197
Event: 1.578 Thread 0x00000000045e0800 Uncommon trap: reason=unstable_if action=reinterpret pc=0x00000000049b8938 method=sun.nio.cs.StreamDecoder.implRead([CII)I @ 197
Event: 2.393 Thread 0x00000000045e0800 Uncommon trap: reason=unstable_if action=reinterpret pc=0x0000000004a8646c method=java.util.concurrent.ConcurrentHashMap.putVal(Ljava/lang/Object;Ljava/lang/Object;Z)Ljava/lang/Object; @ 206
Event: 2.913 Thread 0x00000000045e0800 Uncommon trap: reason=unstable_if action=reinterpret pc=0x0000000004863c90 method=java.lang.String.replace(CC)Ljava/lang/String; @ 2

Internal exceptions (10 events):
Event: 1.231 Thread 0x00000000045e0800 Exception <a 'java/lang/ArrayIndexOutOfBoundsException': 112> (0x000000076c7cdbd8) thrown at [C:\re\workspace\8-2-build-windows-amd64-cygwin\jdk8u151\9699\hotspot\src\share\vm\interpreter\interpreterRuntime.cpp, line 366]
Event: 2.424 Thread 0x00000000045e0800 Exception <a 'java/lang/NoClassDefFoundError': com/google/inject/servlet/ServletModuleTargetVisitor> (0x000000076b79d0d8) thrown at [C:\re\workspace\8-2-build-windows-amd64-cygwin\jdk8u151\9699\hotspot\src\share\vm\classfile\systemDictionary.cpp, line 199
Event: 2.424 Thread 0x00000000045e0800 Exception <a 'java/lang/NoClassDefFoundError'> (0x000000076b79d0d8) thrown at [C:\re\workspace\8-2-build-windows-amd64-cygwin\jdk8u151\9699\hotspot\src\share\vm\prims\jvm.cpp, line 1394]
Event: 2.424 Thread 0x00000000045e0800 Exception <a 'java/lang/NoClassDefFoundError': javax/annotation/Priority> (0x000000076b7a3c40) thrown at [C:\re\workspace\8-2-build-windows-amd64-cygwin\jdk8u151\9699\hotspot\src\share\vm\classfile\systemDictionary.cpp, line 199]
Event: 2.810 Thread 0x00000000045e0800 Exception <a 'java/lang/NullPointerException'> (0x000000076bd7f2e0) thrown at [C:\re\workspace\8-2-build-windows-amd64-cygwin\jdk8u151\9699\hotspot\src\share\vm\interpreter\linkResolver.cpp, line 1183]
Event: 2.810 Thread 0x00000000045e0800 Exception <a 'java/lang/NullPointerException'> (0x000000076bd7f4f8) thrown at [C:\re\workspace\8-2-build-windows-amd64-cygwin\jdk8u151\9699\hotspot\src\share\vm\interpreter\linkResolver.cpp, line 1183]
Event: 2.810 Thread 0x00000000045e0800 Exception <a 'java/lang/NullPointerException'> (0x000000076bd7f710) thrown at [C:\re\workspace\8-2-build-windows-amd64-cygwin\jdk8u151\9699\hotspot\src\share\vm\interpreter\linkResolver.cpp, line 1183]
Event: 2.812 Thread 0x00000000045e0800 Exception <a 'java/lang/NullPointerException'> (0x000000076bd974d0) thrown at [C:\re\workspace\8-2-build-windows-amd64-cygwin\jdk8u151\9699\hotspot\src\share\vm\interpreter\linkResolver.cpp, line 1183]
Event: 2.812 Thread 0x00000000045e0800 Exception <a 'java/lang/NullPointerException'> (0x000000076bd976e8) thrown at [C:\re\workspace\8-2-build-windows-amd64-cygwin\jdk8u151\9699\hotspot\src\share\vm\interpreter\linkResolver.cpp, line 1183]
Event: 2.812 Thread 0x00000000045e0800 Exception <a 'java/lang/NullPointerException'> (0x000000076bd97900) thrown at [C:\re\workspace\8-2-build-windows-amd64-cygwin\jdk8u151\9699\hotspot\src\share\vm\interpreter\linkResolver.cpp, line 1183]

Events (10 events):
Event: 2.956 loading class org/codehaus/plexus/util/dag/Vertex done
Event: 2.957 loading class org/codehaus/plexus/util/dag/TopologicalSorter
Event: 2.957 loading class org/codehaus/plexus/util/dag/TopologicalSorter done
Event: 2.958 loading class java/util/LinkedList$ListItr
Event: 2.958 loading class java/util/LinkedList$ListItr done
Event: 2.958 loading class org/apache/maven/model/building/Result$4
Event: 2.958 loading class org/apache/maven/model/building/Result$4 done
Event: 2.959 loading class org/eclipse/aether/util/repository/ChainedWorkspaceReader
Event: 2.959 loading class org/eclipse/aether/util/repository/ChainedWorkspaceReader done
Event: 2.961 Executing VM operation: ParallelGCSystemGC


Dynamic libraries:
0x00007ff60fa90000 - 0x00007ff60fac7000 	C:\Program Files\Java\jre1.8.0_151\bin\javaw.exe
0x00007ffbc0cb0000 - 0x00007ffbc0e90000 	C:\WINDOWS\SYSTEM32\ntdll.dll
0x00007ffbbe4b0000 - 0x00007ffbbe55e000 	C:\WINDOWS\System32\KERNEL32.DLL
0x00007ffbbd5f0000 - 0x00007ffbbd856000 	C:\WINDOWS\System32\KERNELBASE.dll
0x00007ffbbf9b0000 - 0x00007ffbbfa51000 	C:\WINDOWS\System32\ADVAPI32.dll
0x00007ffbc0230000 - 0x00007ffbc02cd000 	C:\WINDOWS\System32\msvcrt.dll
0x00007ffbbfff0000 - 0x00007ffbc004b000 	C:\WINDOWS\System32\sechost.dll
0x00007ffbc0730000 - 0x00007ffbc084f000 	C:\WINDOWS\System32\RPCRT4.dll
0x00007ffbc09c0000 - 0x00007ffbc0b4f000 	C:\WINDOWS\System32\USER32.dll
0x00007ffbbd300000 - 0x00007ffbbd320000 	C:\WINDOWS\System32\win32u.dll
0x00007ffbbfb10000 - 0x00007ffbbfb38000 	C:\WINDOWS\System32\GDI32.dll
0x00007ffbbd100000 - 0x00007ffbbd293000 	C:\WINDOWS\System32\gdi32full.dll
0x00007ffbbe0e0000 - 0x00007ffbbe17b000 	C:\WINDOWS\System32\msvcp_win.dll
0x00007ffbbd320000 - 0x00007ffbbd416000 	C:\WINDOWS\System32\ucrtbase.dll
0x00007ffbb13f0000 - 0x00007ffbb1659000 	C:\WINDOWS\WinSxS\amd64_microsoft.windows.common-controls_6595b64144ccf1df_6.0.16299.248_none_15ced204935f55d7\COMCTL32.dll
0x00007ffbc0420000 - 0x00007ffbc0728000 	C:\WINDOWS\System32\combase.dll
0x00007ffbbdfb0000 - 0x00007ffbbe022000 	C:\WINDOWS\System32\bcryptPrimitives.dll
0x00007ffbc0c50000 - 0x00007ffbc0c7d000 	C:\WINDOWS\System32\IMM32.DLL
0x0000000065c80000 - 0x0000000065d52000 	C:\Program Files\Java\jre1.8.0_151\bin\msvcr100.dll
0x0000000064f90000 - 0x000000006582d000 	C:\Program Files\Java\jre1.8.0_151\bin\server\jvm.dll
0x00007ffbbf9a0000 - 0x00007ffbbf9a8000 	C:\WINDOWS\System32\PSAPI.DLL
0x00007ffbb6940000 - 0x00007ffbb694a000 	C:\WINDOWS\SYSTEM32\VERSION.dll
0x00007ffbbad40000 - 0x00007ffbbad63000 	C:\WINDOWS\SYSTEM32\WINMM.dll
0x00007ffbb0040000 - 0x00007ffbb0049000 	C:\WINDOWS\SYSTEM32\WSOCK32.dll
0x00007ffbc01c0000 - 0x00007ffbc022c000 	C:\WINDOWS\System32\WS2_32.dll
0x00007ffbbaa10000 - 0x00007ffbbaa3a000 	C:\WINDOWS\SYSTEM32\WINMMBASE.dll
0x00007ffbbd0b0000 - 0x00007ffbbd0fa000 	C:\WINDOWS\System32\cfgmgr32.dll
0x0000000065e40000 - 0x0000000065e4f000 	C:\Program Files\Java\jre1.8.0_151\bin\verify.dll
0x0000000065e10000 - 0x0000000065e39000 	C:\Program Files\Java\jre1.8.0_151\bin\java.dll
0x0000000065df0000 - 0x0000000065e06000 	C:\Program Files\Java\jre1.8.0_151\bin\zip.dll
0x00007ffbbe560000 - 0x00007ffbbf996000 	C:\WINDOWS\System32\SHELL32.dll
0x00007ffbbfa60000 - 0x00007ffbbfb06000 	C:\WINDOWS\System32\shcore.dll
0x00007ffbbd860000 - 0x00007ffbbdfa7000 	C:\WINDOWS\System32\windows.storage.dll
0x00007ffbc0940000 - 0x00007ffbc0991000 	C:\WINDOWS\System32\shlwapi.dll
0x00007ffbbd040000 - 0x00007ffbbd051000 	C:\WINDOWS\System32\kernel.appcore.dll
0x00007ffbbd060000 - 0x00007ffbbd0ac000 	C:\WINDOWS\System32\powrprof.dll
0x00007ffbbd020000 - 0x00007ffbbd03b000 	C:\WINDOWS\System32\profapi.dll
0x00007ffbbcb60000 - 0x00007ffbbcd28000 	C:\WINDOWS\SYSTEM32\dbghelp.dll

VM Arguments:
jvm_args: -Dmaven.home=EMBEDDED -Dclassworlds.conf=D:\Java\.metadata\.plugins\org.eclipse.m2e.launching\launches\m2conf2486871012740508539.tmp -Dmaven.multiModuleProjectDirectory=D:\Java\Java\week16 -Dfile.encoding=Cp1252 
java_command: org.codehaus.plexus.classworlds.launcher.Launcher -B -X -e
java_class_path (initial): C:\Users\Jack\.p2\pool\plugins\org.eclipse.m2e.maven.runtime_1.8.2.20171007-0216\jars\plexus-classworlds-2.5.2.jar
Launcher Type: SUN_STANDARD

Environment Variables:
PATH=C:/Program Files/Java/jre1.8.0_151/bin/server;C:/Program Files/Java/jre1.8.0_151/bin;C:/Program Files/Java/jre1.8.0_151/lib/amd64;C:\ProgramData\Oracle\Java\javapath;C:\windows\system32;C:\windows;C:\windows\System32\Wbem;C:\windows\System32\WindowsPowerShell\v1.0\;C:\Program Files (x86)\NVIDIA Corporation\PhysX\Common;C:\Program Files (x86)\Windows Kits\8.1\Windows Performance Toolkit\;C:\Program Files\Common Files\Autodesk Shared\;C:\WINDOWS\system32;C:\WINDOWS;C:\WINDOWS\System32\Wbem;C:\WINDOWS\System32\WindowsPowerShell\v1.0\;D:\MATLAB\R2017b\bin;C:\Users\Jack\AppData\Local\Microsoft\WindowsApps;C:\Users\Jack\AppData\Local\GitHubDesktop\bin;%USERPROFILE%\AppData\Local\Microsoft\WindowsApps;;C:\WINDOWS\System32;
USERNAME=Jack
OS=Windows_NT
PROCESSOR_IDENTIFIER=Intel64 Family 6 Model 158 Stepping 9, GenuineIntel



---------------  S Y S T E M  ---------------

OS: Windows 10.0 , 64 bit Build 16299 (10.0.16299.15)

CPU:total 8 (initial active 8) (4 cores per cpu, 2 threads per core) family 6 model 158 stepping 9, cmov, cx8, fxsr, mmx, sse, sse2, sse3, ssse3, sse4.1, sse4.2, popcnt, avx, avx2, aes, clmul, erms, 3dnowpref, lzcnt, ht, tsc, tscinvbit, bmi1, bmi2, adx

Memory: 4k page, physical 16663156k(11055920k free), swap 33440372k(26492420k free)

vm_info: Java HotSpot(TM) 64-Bit Server VM (25.151-b12) for windows-amd64 JRE (1.8.0_151-b12), built on Sep  5 2017 19:33:46 by "java_re" with MS VC++ 10.0 (VS2010)

time: Thu Mar 08 23:30:17 2018
elapsed time: 3 seconds (0d 0h 0m 3s)

